<?xml version="1.0" encoding="UTF-8"?>
<testng-results ignored="0" total="3" passed="3" failed="0" skipped="0">
  <reporter-output>
  </reporter-output>
  <suite started-at="2022-12-08T22:55:14 CST" name="Default suite" finished-at="2022-12-08T22:55:14 CST" duration-ms="88">
    <groups>
    </groups>
    <test started-at="2022-12-08T22:55:14 CST" name="Default test" finished-at="2022-12-08T22:55:14 CST" duration-ms="88">
      <class name="git.branch_assignment.MatchUp">
        <test-method signature="testCase1()[pri:0, instance:git.branch_assignment.MatchUp@2fd1433e]" started-at="2022-12-08T22:55:14 CST" name="testCase1" finished-at="2022-12-08T22:55:14 CST" duration-ms="16" status="PASS">
          <reporter-output>
          </reporter-output>
        </test-method> <!-- testCase1 -->
        <test-method signature="testCase2()[pri:0, instance:git.branch_assignment.MatchUp@2fd1433e]" started-at="2022-12-08T22:55:14 CST" name="testCase2" finished-at="2022-12-08T22:55:14 CST" duration-ms="2" status="PASS">
          <reporter-output>
          </reporter-output>
        </test-method> <!-- testCase2 -->
        <test-method signature="testCase3()[pri:0, instance:git.branch_assignment.MatchUp@2fd1433e]" started-at="2022-12-08T22:55:14 CST" name="testCase3" finished-at="2022-12-08T22:55:14 CST" duration-ms="3" status="PASS">
          <reporter-output>
          </reporter-output>
        </test-method> <!-- testCase3 -->
      </class> <!-- git.branch_assignment.MatchUp -->
    </test> <!-- Default test -->
  </suite> <!-- Default suite -->
</testng-results>
