<?xml version="1.0" encoding="UTF-8"?>
<!-- Generated by org.testng.reporters.JUnitXMLReporter -->
<testsuite ignored="3" hostname="Balajis-MBP.lan" failures="0" tests="1" name="Default test" time="0.031" errors="0" timestamp="2022-12-08T15:29:55 CST">
  <testcase classname="pro_gitbranch.pro2.RepalceIs" name="test4" time="0.006"/>
  <testcase classname="pro_gitbranch.pro2.RepalceIs" name="test3" time="0.0">
    <ignored/>
  </testcase> <!-- test3 -->
  <testcase classname="pro_gitbranch.pro2.RepalceIs" name="test2" time="0.0">
    <ignored/>
  </testcase> <!-- test2 -->
  <testcase classname="pro_gitbranch.pro2.RepalceIs" name="test1" time="0.0">
    <ignored/>
  </testcase> <!-- test1 -->
</testsuite> <!-- Default test -->
