<?xml version="1.0" encoding="UTF-8"?>
<!-- Generated by org.testng.reporters.JUnitXMLReporter -->
<testsuite ignored="2" hostname="Balajis-MBP.lan" failures="0" tests="1" name="Default test" time="0.029" errors="0" timestamp="2022-12-08T16:21:38 CST">
  <testcase classname="pro_gitbranch.pro4.SpecialScore" name="test3" time="0.006"/>
  <testcase classname="pro_gitbranch.pro4.SpecialScore" name="test1" time="0.0">
    <ignored/>
  </testcase> <!-- test1 -->
  <testcase classname="pro_gitbranch.pro4.SpecialScore" name="test2" time="0.0">
    <ignored/>
  </testcase> <!-- test2 -->
</testsuite> <!-- Default test -->
