<?xml version="1.0" encoding="UTF-8"?>
<testng-results ignored="0" total="3" passed="3" failed="0" skipped="0">
  <reporter-output>
  </reporter-output>
  <suite started-at="2022-12-08T16:02:13 CST" name="Default suite" finished-at="2022-12-08T16:02:13 CST" duration-ms="34">
    <groups>
    </groups>
    <test started-at="2022-12-08T16:02:13 CST" name="Default test" finished-at="2022-12-08T16:02:13 CST" duration-ms="34">
      <class name="pro_gitbranch.pro3.Has22">
        <test-method signature="test1()[pri:0, instance:pro_gitbranch.pro3.Has22@1ffe63b9]" started-at="2022-12-08T16:02:13 CST" name="test1" finished-at="2022-12-08T16:02:13 CST" duration-ms="9" status="PASS">
          <reporter-output>
          </reporter-output>
        </test-method> <!-- test1 -->
        <test-method signature="test2()[pri:0, instance:pro_gitbranch.pro3.Has22@1ffe63b9]" started-at="2022-12-08T16:02:13 CST" name="test2" finished-at="2022-12-08T16:02:13 CST" duration-ms="0" status="PASS">
          <reporter-output>
          </reporter-output>
        </test-method> <!-- test2 -->
        <test-method signature="test3()[pri:0, instance:pro_gitbranch.pro3.Has22@1ffe63b9]" started-at="2022-12-08T16:02:13 CST" name="test3" finished-at="2022-12-08T16:02:13 CST" duration-ms="1" status="PASS">
          <reporter-output>
          </reporter-output>
        </test-method> <!-- test3 -->
      </class> <!-- pro_gitbranch.pro3.Has22 -->
    </test> <!-- Default test -->
  </suite> <!-- Default suite -->
</testng-results>
