<?xml version="1.0" encoding="UTF-8"?>
<testng-results ignored="2" total="3" passed="1" failed="0" skipped="0">
  <reporter-output>
  </reporter-output>
  <suite started-at="2022-12-08T16:21:38 CST" name="Default suite" finished-at="2022-12-08T16:21:38 CST" duration-ms="29">
    <groups>
    </groups>
    <test started-at="2022-12-08T16:21:38 CST" name="Default test" finished-at="2022-12-08T16:21:38 CST" duration-ms="29">
      <class name="pro_gitbranch.pro4.SpecialScore">
        <test-method signature="test3()[pri:0, instance:pro_gitbranch.pro4.SpecialScore@1677d1]" started-at="2022-12-08T16:21:38 CST" name="test3" finished-at="2022-12-08T16:21:38 CST" duration-ms="6" status="PASS">
          <reporter-output>
          </reporter-output>
        </test-method> <!-- test3 -->
      </class> <!-- pro_gitbranch.pro4.SpecialScore -->
    </test> <!-- Default test -->
  </suite> <!-- Default suite -->
</testng-results>
