<?xml version="1.0" encoding="UTF-8"?>
<!-- Generated by org.testng.reporters.JUnitXMLReporter -->
<testsuite ignored="0" hostname="Pallavi-Sadhus-MacBook-Air.local" failures="0" tests="3" name="Default test" time="0.127" errors="0" timestamp="2022-12-08T21:41:31 CST">
  <testcase classname="git.branch_assignment.NotReplace" name="testCase1" time="0.023"/>
  <testcase classname="git.branch_assignment.NotReplace" name="testCase2" time="0.002"/>
  <testcase classname="git.branch_assignment.NotReplace" name="testCase3" time="0.004"/>
</testsuite> <!-- Default test -->
